<?xml version="1.0" encoding="UTF-8"?>

<mule xmlns:sfdc="http://www.mulesoft.org/schema/mule/sfdc" xmlns:json="http://www.mulesoft.org/schema/mule/json" xmlns="http://www.mulesoft.org/schema/mule/core" xmlns:doc="http://www.mulesoft.org/schema/mule/documentation" xmlns:spring="http://www.springframework.org/schema/beans" version="EE-3.5.0" xmlns:xsi="http://www.w3.org/2001/XMLSchema-instance" xsi:schemaLocation="http://www.springframework.org/schema/beans http://www.springframework.org/schema/beans/spring-beans-current.xsd
http://www.mulesoft.org/schema/mule/core http://www.mulesoft.org/schema/mule/core/current/mule.xsd
http://www.mulesoft.org/schema/mule/sfdc http://www.mulesoft.org/schema/mule/sfdc/current/mule-sfdc.xsd
http://www.mulesoft.org/schema/mule/json http://www.mulesoft.org/schema/mule/json/current/mule-json.xsd">
    <sub-flow name="createOpportunityFlow" doc:name="createOpportunityFlow">
        <sfdc:create config-ref="SalesforceA" type="Opportunity" doc:name="create Opportunity in Salesforce instance A">
            <sfdc:objects ref="#[payload]"/>
        </sfdc:create>
        <logger level="INFO" message="Create Opportunities in A result: #[payload]" doc:name="Logger"/>
    </sub-flow>
    <sub-flow name="retrieveOpportunityFlow" doc:name="retrieveOpportunityFlow">
        <sfdc:query-single config-ref="SalesforceB" query="SELECT Id, LastModifiedDate, Name, Amount, StageName, Probability, CloseDate, AccountId FROM Opportunity WHERE Name = '#[payload['Name']]'" doc:name="retrieve Opportunity in Salesforce instance B"/>
        <logger level="INFO" message="Retrieve Opportunities result: #[payload]" doc:name="Logger"/>
    </sub-flow>
    <sub-flow name="deleteOpportunityFromAFlow" doc:name="deleteOpportunityFromAFlow">
        <sfdc:delete config-ref="SalesforceA" doc:name="delete Opportunity from Salesforce instance A">
            <sfdc:ids ref="#[payload]"/>
        </sfdc:delete>
        <logger level="INFO" message="Remove Opportunities from A result: #[payload]" doc:name="Logger"/>
    </sub-flow>
    <sub-flow name="deleteOpportunityFromBFlow" doc:name="deleteOpportunityFromBFlow">
        <sfdc:delete config-ref="SalesforceB" doc:name="delete Opportunity from Salesforce instance B">
            <sfdc:ids ref="#[payload]"/>
        </sfdc:delete>
        <logger level="INFO" message="Remove Opportunities from B result: #[payload]" doc:name="Logger"/>
    </sub-flow>
    
    <sub-flow name="createAccountFlow" doc:name="createAccountFlow">
        <sfdc:create config-ref="SalesforceA" type="Account" doc:name="Salesforce">
            <sfdc:objects ref="#[payload]"/>
        </sfdc:create>
        <logger level="INFO" message="Create Account in A result: #[payload]" doc:name="Logger"/>
    </sub-flow>
    <sub-flow name="retrieveAccountFlow" doc:name="retrieveAccountFlow">
        <sfdc:query-single config-ref="SalesforceB" query="SELECT Id, Name FROM Account WHERE Name = '#[payload['Name']]'" doc:name="Salesforce"/>
        <logger level="INFO" message="Retrieve Accounts result: #[payload]" doc:name="Logger"/>
    </sub-flow>
    <sub-flow name="deleteAccountFromAFlow" doc:name="deleteAccountFromAFlow">
        <sfdc:delete config-ref="SalesforceA" doc:name="Salesforce">
            <sfdc:ids ref="#[payload]"/>
        </sfdc:delete>
        <logger level="INFO" message="Remove Accounts from A result: #[payload]" doc:name="Logger"/>
    </sub-flow>
    <sub-flow name="deleteAccountFromBFlow" doc:name="deleteAccountFromBFlow">
        <sfdc:delete config-ref="SalesforceB" doc:name="Salesforce">
            <sfdc:ids ref="#[payload]"/>
        </sfdc:delete>
        <logger level="INFO" message="Remove Accounts from B result: #[payload]" doc:name="Logger"/>
    </sub-flow>
    
</mule>